<?xml version="1.0" encoding="UTF-8"?>
<testsuite xmlns:xsi="http://www.w3.org/2001/XMLSchema-instance" xsi:noNamespaceSchemaLocation="https://maven.apache.org/surefire/maven-surefire-plugin/xsd/surefire-test-report-3.0.xsd" version="3.0" name="TestSuite" time="18.501" tests="2" errors="0" skipped="0" failures="0">
  <properties>
[...]
</properties>
  <testcase name="testLoginWithLogging" classname="tests.LoggerTests" time="0.135">
    <system-out><![CDATA[[TestNG] [WARN] Ignoring duplicate listener : io.qameta.allure.testng.AllureTestNg
[TestNG] [WARN] Ignoring duplicate listener : io.qameta.allure.testng.AllureTestNg
[TestNG] [WARN] Ignoring duplicate listener : io.qameta.allure.testng.AllureTestNg
2025-12-04 19:49:03 INFO  MyLogger:35 - ****************************************************************************************
2025-12-04 19:49:03 INFO  MyLogger:36 - *********************************** Login Basari Testi STARTED ***********************************
2025-12-04 19:49:03 INFO  MyLogger:37 - ****************************************************************************************
2025-12-04 19:49:03 INFO  MyLogger:15 - Kullanici adi giriliyor.
2025-12-04 19:49:03 ERROR MyLogger:27 - Giris basarisiz oldu!
2025-12-04 19:49:03 INFO  MyLogger:15 - Test sonlandi.
]]></system-out>
    <system-err><![CDATA[SLF4J: No SLF4J providers were found.
SLF4J: Defaulting to no-operation (NOP) logger implementation
SLF4J: See https://www.slf4j.org/codes.html#noProviders for further details.
]]></system-err>
  </testcase>
  <testcase name="testSuccessfulLogin" classname="tests.AllureAnotasyonTest" time="17.257">
    <system-err><![CDATA[Dec 04, 2025 7:49:12 PM org.openqa.selenium.devtools.CdpVersionFinder findNearestMatch
WARNING: Unable to find CDP implementation matching 142
Dec 04, 2025 7:49:12 PM org.openqa.selenium.chromium.ChromiumDriver lambda$new$5
WARNING: Unable to find version of CDP to use for 142.0.7444.176. You may need to include a dependency on a specific version of the CDP using something similar to `org.seleniumhq.selenium:selenium-devtools-v86:4.11.0` where the version ("v86") matches the version of the chromium-based browser you're using and the version number of the artifact is the same as Selenium's.
]]></system-err>
  </testcase>
</testsuite>