<?xml version="1.0" encoding="UTF-8"?>
<testsuite name="Allure Annotation Tests"
           tests="1"
           failures="1"
           errors="0"
           skipped="0"
           time="24.273">
  <properties />
            <testcase name="testSuccessfulLogin" time="24.273" classname="tests.AllureAnotasyonTest">
                <failure type="com.codeborne.selenide.ex.ElementShould"
                  message="Element should have text &quot;You logged into a secure area!&quot; {#flash}
Element: &apos;&lt;div class=&quot;flash error&quot; data-alert id=&quot;flash&quot;&gt;Your username is invalid!
×&lt;/div&gt;&apos;
Actual value: text=&quot;Your username is invalid!
×&quot;
Screenshot: file:/Users/mbp13_m1_2020/Documents/IntellijProjects/SelenideTest/build/reports/tests/1764867410040.0.png
Page source: file:/Users/mbp13_m1_2020/Documents/IntellijProjects/SelenideTest/build/reports/tests/1764867410040.0.html
Timeout: 4 s."
              >
<![CDATA[Element should have text "You logged into a secure area!" {#flash}
Element: '<div class="flash error" data-alert id="flash">Your username is invalid!
×</div>'
Actual value: text="Your username is invalid!
×"
Screenshot: file:/Users/mbp13_m1_2020/Documents/IntellijProjects/SelenideTest/build/reports/tests/1764867410040.0.png
Page source: file:/Users/mbp13_m1_2020/Documents/IntellijProjects/SelenideTest/build/reports/tests/1764867410040.0.html
Timeout: 4 s.
  com.codeborne.selenide.impl.WebElementSource.handleError(WebElementSource.java:149)
  com.codeborne.selenide.impl.WebElementSource.checkConditionAndReturnElement(WebElementSource.java:127)
  com.codeborne.selenide.impl.WebElementSource.checkCondition(WebElementSource.java:104)
  com.codeborne.selenide.commands.Should.execute(Should.java:30)
  com.codeborne.selenide.commands.Should.execute(Should.java:14)
  com.codeborne.selenide.commands.Commands.execute(Commands.java:165)
  com.codeborne.selenide.impl.SelenideElementProxy.dispatchAndRetry(SelenideElementProxy.java:132)
  com.codeborne.selenide.impl.SelenideElementProxy.invoke(SelenideElementProxy.java:84)
  com.sun.proxy.$Proxy10.shouldHave(Unknown Source)
  pages.LoginPage.verifySuccessMessage(LoginPage.java:23)
  tests.AllureAnotasyonTest.assertSuccessMessageVisible(AllureAnotasyonTest.java:39)
  tests.AllureAnotasyonTest.testSuccessfulLogin(AllureAnotasyonTest.java:24)
  java.base/jdk.internal.reflect.NativeMethodAccessorImpl.invoke0(Native Method)
  java.base/jdk.internal.reflect.NativeMethodAccessorImpl.invoke(NativeMethodAccessorImpl.java:62)
  java.base/jdk.internal.reflect.DelegatingMethodAccessorImpl.invoke(DelegatingMethodAccessorImpl.java:43)
  java.base/java.lang.reflect.Method.invoke(Method.java:566)
  org.testng.internal.MethodInvocationHelper.invokeMethod(MethodInvocationHelper.java:133)
  org.testng.internal.TestInvoker.invokeMethod(TestInvoker.java:584)
  org.testng.internal.TestInvoker.invokeTestMethod(TestInvoker.java:172)
  org.testng.internal.MethodRunner.runInSequence(MethodRunner.java:46)
  org.testng.internal.TestInvoker$MethodInvocationAgent.invoke(TestInvoker.java:804)
  org.testng.internal.TestInvoker.invokeTestMethods(TestInvoker.java:145)
  org.testng.internal.TestMethodWorker.invokeTestMethods(TestMethodWorker.java:146)
  org.testng.internal.TestMethodWorker.run(TestMethodWorker.java:128)
  java.base/java.util.ArrayList.forEach(ArrayList.java:1541)
  org.testng.TestRunner.privateRun(TestRunner.java:770)
  org.testng.TestRunner.run(TestRunner.java:591)
  org.testng.SuiteRunner.runTest(SuiteRunner.java:402)
  org.testng.SuiteRunner.runSequentially(SuiteRunner.java:396)
  org.testng.SuiteRunner.privateRun(SuiteRunner.java:355)
  org.testng.SuiteRunner.run(SuiteRunner.java:304)
  org.testng.SuiteRunnerWorker.runSuite(SuiteRunnerWorker.java:53)
  org.testng.SuiteRunnerWorker.run(SuiteRunnerWorker.java:96)
  org.testng.TestNG.runSuitesSequentially(TestNG.java:1180)
  org.testng.TestNG.runSuitesLocally(TestNG.java:1102)
  org.testng.TestNG.runSuites(TestNG.java:1032)
  org.testng.TestNG.run(TestNG.java:1000)
  com.intellij.rt.testng.IDEARemoteTestNG.run(IDEARemoteTestNG.java:66)
  com.intellij.rt.testng.RemoteTestNGStarter.main(RemoteTestNGStarter.java:109)
]]>
      </failure>

          </testcase>
  
  
  
</testsuite>
